<?xml version="1.0" encoding="UTF-8"?>
<!-- Generated by org.testng.reporters.JUnitReportReporter -->
<testsuite hostname="Govardhan-PC" name="Pack2.Exception_IFCondition" tests="1" failures="0" timestamp="18 Feb 2016 07:00:24 GMT" time="21.459" errors="0">
  <testcase name="exception_IFCondition" time="21.459" classname="Pack2.Exception_IFCondition"/>
</testsuite> <!-- Pack2.Exception_IFCondition -->
