<?xml version="1.0" encoding="UTF-8"?>
<!-- Generated by org.testng.reporters.JUnitReportReporter -->
<testsuite hostname="Govardhan-PC" name="Pack1.Screenshots" tests="1" failures="0" timestamp="18 Feb 2016 06:53:08 GMT" time="29.900" errors="0">
  <testcase name="popupwindow" time="29.900" classname="Pack1.Screenshots"/>
</testsuite> <!-- Pack1.Screenshots -->
