<?xml version="1.0" encoding="UTF-8"?>
<!-- Generated by org.testng.reporters.JUnitReportReporter -->
<testsuite hostname="VJ-PC" name="Pack1.RediffLogin" tests="1" failures="0" timestamp="23 Feb 2016 07:40:32 GMT" time="20.939" errors="0">
  <testcase name="RediffLoginXLSreader" time="20.939" classname="Pack1.RediffLogin"/>
</testsuite> <!-- Pack1.RediffLogin -->
